<?xml version="1.0" encoding="UTF-8"?>
<testng-results ignored="0" total="2" passed="2" failed="0" skipped="0">
  <reporter-output>
  </reporter-output>
  <suite started-at="2024-12-10T11:00:14 GMT+01:00" name="Quick" finished-at="2024-12-10T11:00:21 GMT+01:00" duration-ms="7002">
    <groups>
    </groups>
    <test started-at="2024-12-10T11:00:14 GMT+01:00" name="Quick1" finished-at="2024-12-10T11:00:21 GMT+01:00" duration-ms="7002">
      <class name="com.demoqa.tests.bookStore.SearchBookTests">
        <test-method is-config="true" signature="init(java.lang.reflect.Method)[pri:0, instance:com.demoqa.tests.bookStore.SearchBookTests@28f3b248]" started-at="2024-12-10T11:00:19 GMT+01:00" name="init" finished-at="2024-12-10T11:00:20 GMT+01:00" duration-ms="1799" status="PASS">
          <params>
            <param index="0">
              <value>
                <![CDATA[public void com.demoqa.tests.bookStore.SearchBookTests.searchBookPositiveTest()]]>
              </value>
            </param>
          </params>
          <reporter-output>
          </reporter-output>
        </test-method> <!-- init -->
        <test-method is-config="true" signature="precondition()[pri:0, instance:com.demoqa.tests.bookStore.SearchBookTests@28f3b248]" started-at="2024-12-10T11:00:20 GMT+01:00" name="precondition" finished-at="2024-12-10T11:00:21 GMT+01:00" duration-ms="111" status="PASS">
          <reporter-output>
          </reporter-output>
        </test-method> <!-- precondition -->
        <test-method signature="searchBookPositiveTest()[pri:0, instance:com.demoqa.tests.bookStore.SearchBookTests@28f3b248]" started-at="2024-12-10T11:00:21 GMT+01:00" name="searchBookPositiveTest" finished-at="2024-12-10T11:00:21 GMT+01:00" duration-ms="349" status="PASS">
          <reporter-output>
          </reporter-output>
        </test-method> <!-- searchBookPositiveTest -->
        <test-method is-config="true" signature="tearDown(org.testng.ITestResult)[pri:0, instance:com.demoqa.tests.bookStore.SearchBookTests@28f3b248]" started-at="2024-12-10T11:00:21 GMT+01:00" name="tearDown" finished-at="2024-12-10T11:00:21 GMT+01:00" duration-ms="146" status="PASS">
          <params>
            <param index="0">
              <value>
                <![CDATA[[TestResult name=searchBookPositiveTest status=SUCCESS method=SearchBookTests.searchBookPositiveTest()[pri:0, instance:com.demoqa.tests.bookStore.SearchBookTests@28f3b248] output={null}]]]>
              </value>
            </param>
          </params>
          <reporter-output>
          </reporter-output>
        </test-method> <!-- tearDown -->
      </class> <!-- com.demoqa.tests.bookStore.SearchBookTests -->
      <class name="com.demoqa.tests.bookStore.LoginTest">
        <test-method is-config="true" signature="init(java.lang.reflect.Method)[pri:0, instance:com.demoqa.tests.bookStore.LoginTest@2bfc268b]" started-at="2024-12-10T11:00:14 GMT+01:00" name="init" finished-at="2024-12-10T11:00:17 GMT+01:00" duration-ms="2789" status="PASS">
          <params>
            <param index="0">
              <value>
                <![CDATA[public void com.demoqa.tests.bookStore.LoginTest.loginPositiveTest()]]>
              </value>
            </param>
          </params>
          <reporter-output>
          </reporter-output>
        </test-method> <!-- init -->
        <test-method is-config="true" signature="precondition()[pri:0, instance:com.demoqa.tests.bookStore.LoginTest@2bfc268b]" started-at="2024-12-10T11:00:17 GMT+01:00" name="precondition" finished-at="2024-12-10T11:00:17 GMT+01:00" duration-ms="243" status="PASS">
          <reporter-output>
          </reporter-output>
        </test-method> <!-- precondition -->
        <test-method signature="loginPositiveTest()[pri:0, instance:com.demoqa.tests.bookStore.LoginTest@2bfc268b]" started-at="2024-12-10T11:00:17 GMT+01:00" name="loginPositiveTest" finished-at="2024-12-10T11:00:19 GMT+01:00" duration-ms="1406" status="PASS">
          <reporter-output>
          </reporter-output>
        </test-method> <!-- loginPositiveTest -->
        <test-method is-config="true" signature="tearDown(org.testng.ITestResult)[pri:0, instance:com.demoqa.tests.bookStore.LoginTest@2bfc268b]" started-at="2024-12-10T11:00:19 GMT+01:00" name="tearDown" finished-at="2024-12-10T11:00:19 GMT+01:00" duration-ms="121" status="PASS">
          <params>
            <param index="0">
              <value>
                <![CDATA[[TestResult name=loginPositiveTest status=SUCCESS method=LoginTest.loginPositiveTest()[pri:0, instance:com.demoqa.tests.bookStore.LoginTest@2bfc268b] output={null}]]]>
              </value>
            </param>
          </params>
          <reporter-output>
          </reporter-output>
        </test-method> <!-- tearDown -->
      </class> <!-- com.demoqa.tests.bookStore.LoginTest -->
    </test> <!-- Quick1 -->
  </suite> <!-- Quick -->
</testng-results>
